The system is: Windows - 10.0.19045 - AMD64
Compiling the C compiler identification source file "CMakeCCompilerId.c" succeeded.
Compiler: C:/Qt/Tools/mingw1310_64/bin/gcc.exe 
Build flags: 
Id flags:  

The output was:
0


Compilation of the C compiler identification source "CMakeCCompilerId.c" produced "a.exe"

The C compiler identification is GNU, found in "c:/Users/ydnak/Documents/Uni/Year 5 (2024-2025)/Elevator-Controller-Simulator/builds/Qt-6.9.1-mingw_64/Debug/CMakeFiles/3.12.18081601-MSVC_2/CompilerIdC/a.exe"

Compiling the CXX compiler identification source file "CMakeCXXCompilerId.cpp" succeeded.
Compiler: C:/Qt/Tools/mingw1310_64/bin/g++.exe 
Build flags: 
Id flags:  

The output was:
0


Compilation of the CXX compiler identification source "CMakeCXXCompilerId.cpp" produced "a.exe"

The CXX compiler identification is GNU, found in "c:/Users/ydnak/Documents/Uni/Year 5 (2024-2025)/Elevator-Controller-Simulator/builds/Qt-6.9.1-mingw_64/Debug/CMakeFiles/3.12.18081601-MSVC_2/CompilerIdCXX/a.exe"

Compiling the C compiler identification source file "CMakeCCompilerId.c" succeeded.
Compiler: C:/Qt/Tools/mingw1310_64/bin/gcc.exe 
Build flags: 
Id flags:  

The output was:
0


Compilation of the C compiler identification source "CMakeCCompilerId.c" produced "a.exe"

The C compiler identification is GNU, found in "c:/Users/ydnak/Documents/Uni/Year 5 (2024-2025)/Elevator-Controller-Simulator/builds/Qt-6.9.1-mingw_64/Debug/CMakeFiles/3.12.18081601-MSVC_2/CompilerIdC/a.exe"

Compiling the CXX compiler identification source file "CMakeCXXCompilerId.cpp" succeeded.
Compiler: C:/Qt/Tools/mingw1310_64/bin/g++.exe 
Build flags: 
Id flags:  

The output was:
0


Compilation of the CXX compiler identification source "CMakeCXXCompilerId.cpp" produced "a.exe"

The CXX compiler identification is GNU, found in "c:/Users/ydnak/Documents/Uni/Year 5 (2024-2025)/Elevator-Controller-Simulator/builds/Qt-6.9.1-mingw_64/Debug/CMakeFiles/3.12.18081601-MSVC_2/CompilerIdCXX/a.exe"

Compiling the C compiler identification source file "CMakeCCompilerId.c" succeeded.
Compiler: C:/Qt/Tools/mingw1310_64/bin/gcc.exe 
Build flags: 
Id flags:  

The output was:
0


Compilation of the C compiler identification source "CMakeCCompilerId.c" produced "a.exe"

The C compiler identification is GNU, found in "c:/Users/ydnak/Documents/Uni/Year 5 (2024-2025)/Elevator-Controller-Simulator/builds/Qt-6.9.1-mingw_64/Debug/CMakeFiles/3.12.18081601-MSVC_2/CompilerIdC/a.exe"

Compiling the CXX compiler identification source file "CMakeCXXCompilerId.cpp" succeeded.
Compiler: C:/Qt/Tools/mingw1310_64/bin/g++.exe 
Build flags: 
Id flags:  

The output was:
0


Compilation of the CXX compiler identification source "CMakeCXXCompilerId.cpp" produced "a.exe"

The CXX compiler identification is GNU, found in "c:/Users/ydnak/Documents/Uni/Year 5 (2024-2025)/Elevator-Controller-Simulator/builds/Qt-6.9.1-mingw_64/Debug/CMakeFiles/3.12.18081601-MSVC_2/CompilerIdCXX/a.exe"

Compiling the C compiler identification source file "CMakeCCompilerId.c" succeeded.
Compiler: C:/Qt/Tools/mingw1310_64/bin/gcc.exe 
Build flags: 
Id flags:  

The output was:
0


Compilation of the C compiler identification source "CMakeCCompilerId.c" produced "a.exe"

The C compiler identification is GNU, found in "c:/Users/ydnak/Documents/Uni/Year 5 (2024-2025)/Elevator-Controller-Simulator/builds/Qt-6.9.1-mingw_64/Debug/CMakeFiles/3.12.18081601-MSVC_2/CompilerIdC/a.exe"

Compiling the CXX compiler identification source file "CMakeCXXCompilerId.cpp" succeeded.
Compiler: C:/Qt/Tools/mingw1310_64/bin/g++.exe 
Build flags: 
Id flags:  

The output was:
0


Compilation of the CXX compiler identification source "CMakeCXXCompilerId.cpp" produced "a.exe"

The CXX compiler identification is GNU, found in "c:/Users/ydnak/Documents/Uni/Year 5 (2024-2025)/Elevator-Controller-Simulator/builds/Qt-6.9.1-mingw_64/Debug/CMakeFiles/3.12.18081601-MSVC_2/CompilerIdCXX/a.exe"

Compiling the C compiler identification source file "CMakeCCompilerId.c" succeeded.
Compiler: C:/Qt/Tools/mingw1310_64/bin/gcc.exe 
Build flags: 
Id flags:  

The output was:
0


Compilation of the C compiler identification source "CMakeCCompilerId.c" produced "a.exe"

The C compiler identification is GNU, found in "c:/Users/ydnak/Documents/Uni/Year 5 (2024-2025)/Elevator-Controller-Simulator/builds/Qt-6.9.1-mingw_64/Debug/CMakeFiles/3.12.18081601-MSVC_2/CompilerIdC/a.exe"

Compiling the CXX compiler identification source file "CMakeCXXCompilerId.cpp" succeeded.
Compiler: C:/Qt/Tools/mingw1310_64/bin/g++.exe 
Build flags: 
Id flags:  

The output was:
0


Compilation of the CXX compiler identification source "CMakeCXXCompilerId.cpp" produced "a.exe"

The CXX compiler identification is GNU, found in "c:/Users/ydnak/Documents/Uni/Year 5 (2024-2025)/Elevator-Controller-Simulator/builds/Qt-6.9.1-mingw_64/Debug/CMakeFiles/3.12.18081601-MSVC_2/CompilerIdCXX/a.exe"

Compiling the C compiler identification source file "CMakeCCompilerId.c" succeeded.
Compiler: C:/Qt/Tools/mingw1310_64/bin/gcc.exe 
Build flags: 
Id flags:  

The output was:
0


Compilation of the C compiler identification source "CMakeCCompilerId.c" produced "a.exe"

The C compiler identification is GNU, found in "c:/Users/ydnak/Documents/Uni/Year 5 (2024-2025)/Elevator-Controller-Simulator/builds/Qt-6.9.1-mingw_64/Debug/CMakeFiles/3.12.18081601-MSVC_2/CompilerIdC/a.exe"

Compiling the CXX compiler identification source file "CMakeCXXCompilerId.cpp" succeeded.
Compiler: C:/Qt/Tools/mingw1310_64/bin/g++.exe 
Build flags: 
Id flags:  

The output was:
0


Compilation of the CXX compiler identification source "CMakeCXXCompilerId.cpp" produced "a.exe"

The CXX compiler identification is GNU, found in "c:/Users/ydnak/Documents/Uni/Year 5 (2024-2025)/Elevator-Controller-Simulator/builds/Qt-6.9.1-mingw_64/Debug/CMakeFiles/3.12.18081601-MSVC_2/CompilerIdCXX/a.exe"

